36
8
18
15
1
9
13
7
12
4
24
19
9
3
13
8
23
25
2
16
28
27
18
12
0
12
20
27
17
5
27
8
10
9
28
2
13
11
29
24
20
1
6
17
10
26
10
9
22
16
23
32
15
26
6
10
4
23
8
22
28
4
20
14
18
26
11
19
19
15
5
17
11
7
19
20
24
26
3
9
4
3
3
31
8
3
25
11
23
20
2
15
24
16
22
19
5
5
6
29
25
29
1
2
3
16
18
3
26
16
4
20
0
23
6
2
15
5
22
22
27
2
18
9
8
21
9
27
10
15
25
22
8
26
12
20
21
6
22
6
19
20
28
12
10
1
4
4
17
8
20
20
21
10
0
4
1
8
16
13
8
23
18
14
11
10
5
29
12
19
22
27
6
5
21
28
20
15
17
0
3
10
9
31
24
23
13
23
28
11
23
18
4
12
19
26
25
12
15
24
8
12
8
17
5
22
18
16
23
10
20
22
4
25
22
9
7
0
6
28
13
28
1
6
20
23
8
12
10
2
14
12
15
18
18
14
30
3
24
12
8
2
11
19
14
13
20
23
12
22
12
21
26
30
26
24
23
0
2
4
18
14
1
21
20
9
22
1
19
4
19
11
2
16
18
1
16
12
22
26
1
13
5
8
14
10
21
18
3
22
21
24
7
3
5
10
25
10
21
3
5
13
0
9
3
6
6
3
17
16
16
11
18
10
29
20
8
5
11
7
9
13
15
0
7
2
20
19
15
24
12
32
7
3
23
17
10
16
9
11
7
26
18
23
6
28
20
23
22
12
13
3
23
16
26
16
7
27
5
19
14
24
22
26
4
10
2
6
22
19
26
12
18
3
2
3
17
34
9
1
20
4
19
23
27
21
1
25
26
15
19
29
13
11
13
32
24
8
7
13
11
10
24
11
8
5
27
1
27
27
14
3
2
19
18
10
21
18
17
16
20
3
24
16
18
28
24
3
11
13
29
23
17
20
12
13
21
0
23
16
25
9
16
9
24
3
27
16
16
3
12
13
7
33
13
18
23
1
16
24
28
0
11
8
18
19
15
5
23
15
13
20
8
22
4
25
13
6
3
17
22
19
7
9
2
22
6
17
17
28
2
23
13
0
28
2473
2390
2504
2462
2508
