Case #1


Case #2


Case #3


Case #4


Case #5


Case #6


Case #7


Case #8


Case #9


Case #10


Case #11


Case #12


Case #13


Case #14
crqnofdwejsvfgqbbgietvkbnnkwpzi

Case #15


Case #16


Case #17


Case #18


Case #19
miiccaayiflpdmpicc
miiccaayiflpdmpir
miiraayiflpdmpicc
miiraayiflpdmpir

Case #20


Case #21
sviyf

Case #22


Case #23


Case #24


Case #25


Case #26


Case #27


Case #28
xjxqjzjujjemex

Case #29


Case #30


Case #31


Case #32


Case #33


Case #34


Case #35


Case #36


Case #37
kdtipoyrmprqooapzpy
kgrtipoyrmprqooapzpy

Case #38


Case #39


Case #40


Case #41


Case #42


Case #43


Case #44


Case #45
tbitbipbbwpptttpibwit

Case #46


Case #47


Case #48


Case #49


Case #50


Case #51


Case #52


Case #53


Case #54


Case #55


Case #56


Case #57


Case #58


Case #59


Case #60


Case #61


Case #62


Case #63


Case #64


Case #65


Case #66
strhtzt

Case #67


Case #68


Case #69
gjrbexhtjgxsc

Case #70


Case #71


Case #72


Case #73


Case #74


Case #75
nymqyffwvnfs
nymqyffwvnxs
nymqypwvnfs
nymqypwvnxs

Case #76


Case #77


Case #78


Case #79
qwkokwoqvvholrzlwzovrlzd

Case #80


Case #81


Case #82


Case #83


Case #84


Case #85


Case #86


Case #87


Case #88
kkbzjkkkccznkkeccalyctkccslccqylmxmjjccnnbjksraz
kkbzjkkkccznkkeccalyctkccslccqylmxmjjccnnbjksrcz
kkbzjkkkccznkkeccalyctkccslccqylmxmjjccnnbjosraz
kkbzjkkkccznkkeccalyctkccslccqylmxmjjccnnbjosrcz
kkbzjkkkccznkkeccalyctkccslccqylmxmjjvnnbjksraz
kkbzjkkkccznkkeccalyctkccslccqylmxmjjvnnbjksrcz
kkbzjkkkccznkkeccalyctkccslccqylmxmjjvnnbjosraz
kkbzjkkkccznkkeccalyctkccslccqylmxmjjvnnbjosrcz
kkbzjkkkccznkkeccalyctkccslvqylmxmjjccnnbjksraz
kkbzjkkkccznkkeccalyctkccslvqylmxmjjccnnbjksrcz
kkbzjkkkccznkkeccalyctkccslvqylmxmjjccnnbjosraz
kkbzjkkkccznkkeccalyctkccslvqylmxmjjccnnbjosrcz
kkbzjkkkccznkkeccalyctkccslvqylmxmjjvnnbjksraz
kkbzjkkkccznkkeccalyctkccslvqylmxmjjvnnbjksrcz
kkbzjkkkccznkkeccalyctkccslvqylmxmjjvnnbjosraz
kkbzjkkkccznkkeccalyctkccslvqylmxmjjvnnbjosrcz
kkbzjkkkccznkkeccalyctkvslccqylmxmjjccnnbjksraz
kkbzjkkkccznkkeccalyctkvslccqylmxmjjccnnbjksrcz
kkbzjkkkccznkkeccalyctkvslccqylmxmjjccnnbjosraz
kkbzjkkkccznkkeccalyctkvslccqylmxmjjccnnbjosrcz
kkbzjkkkccznkkeccalyctkvslccqylmxmjjvnnbjksraz
kkbzjkkkccznkkeccalyctkvslccqylmxmjjvnnbjksrcz
kkbzjkkkccznkkeccalyctkvslccqylmxmjjvnnbjosraz
kkbzjkkkccznkkeccalyctkvslccqylmxmjjvnnbjosrcz
kkbzjkkkccznkkeccalyctkvslvqylmxmjjccnnbjksraz
kkbzjkkkccznkkeccalyctkvslvqylmxmjjccnnbjksrcz
kkbzjkkkccznkkeccalyctkvslvqylmxmjjccnnbjosraz
kkbzjkkkccznkkeccalyctkvslvqylmxmjjccnnbjosrcz
kkbzjkkkccznkkeccalyctkvslvqylmxmjjvnnbjksraz
kkbzjkkkccznkkeccalyctkvslvqylmxmjjvnnbjksrcz
kkbzjkkkccznkkeccalyctkvslvqylmxmjjvnnbjosraz
kkbzjkkkccznkkeccalyctkvslvqylmxmjjvnnbjosrcz
kkbzjkkkccznkkeccalyctoccslccqylmxmjjccnnbjksraz
kkbzjkkkccznkkeccalyctoccslccqylmxmjjccnnbjksrcz
kkbzjkkkccznkkeccalyctoccslccqylmxmjjccnnbjosraz
kkbzjkkkccznkkeccalyctoccslccqylmxmjjccnnbjosrcz
kkbzjkkkccznkkeccalyctoccslccqylmxmjjvnnbjksraz
kkbzjkkkccznkkeccalyctoccslccqylmxmjjvnnbjksrcz
kkbzjkkkccznkkeccalyctoccslccqylmxmjjvnnbjosraz
kkbzjkkkccznkkeccalyctoccslccqylmxmjjvnnbjosrcz
kkbzjkkkccznkkeccalyctoccslvqylmxmjjccnnbjksraz
kkbzjkkkccznkkeccalyctoccslvqylmxmjjccnnbjksrcz
kkbzjkkkccznkkeccalyctoccslvqylmxmjjccnnbjosraz
kkbzjkkkccznkkeccalyctoccslvqylmxmjjccnnbjosrcz
kkbzjkkkccznkkeccalyctoccslvqylmxmjjvnnbjksraz
kkbzjkkkccznkkeccalyctoccslvqylmxmjjvnnbjksrcz
kkbzjkkkccznkkeccalyctoccslvqylmxmjjvnnbjosraz
kkbzjkkkccznkkeccalyctoccslvqylmxmjjvnnbjosrcz
kkbzjkkkccznkkeccalyctovslccqylmxmjjccnnbjksraz
kkbzjkkkccznkkeccalyctovslccqylmxmjjccnnbjksrcz
kkbzjkkkccznkkeccalyctovslccqylmxmjjccnnbjosraz
kkbzjkkkccznkkeccalyctovslccqylmxmjjccnnbjosrcz
kkbzjkkkccznkkeccalyctovslccqylmxmjjvnnbjksraz
kkbzjkkkccznkkeccalyctovslccqylmxmjjvnnbjksrcz
kkbzjkkkccznkkeccalyctovslccqylmxmjjvnnbjosraz
kkbzjkkkccznkkeccalyctovslccqylmxmjjvnnbjosrcz
kkbzjkkkccznkkeccalyctovslvqylmxmjjccnnbjksraz
kkbzjkkkccznkkeccalyctovslvqylmxmjjccnnbjksrcz
kkbzjkkkccznkkeccalyctovslvqylmxmjjccnnbjosraz
kkbzjkkkccznkkeccalyctovslvqylmxmjjccnnbjosrcz
kkbzjkkkccznkkeccalyctovslvqylmxmjjvnnbjksraz
kkbzjkkkccznkkeccalyctovslvqylmxmjjvnnbjksrcz
kkbzjkkkccznkkeccalyctovslvqylmxmjjvnnbjosraz
kkbzjkkkccznkkeccalyctovslvqylmxmjjvnnbjosrcz
kkbzjkkkccznkkeccclyctkccslccqylmxmjjccnnbjksraz
kkbzjkkkccznkkeccclyctkccslccqylmxmjjccnnbjksrcz
kkbzjkkkccznkkeccclyctkccslccqylmxmjjccnnbjosraz
kkbzjkkkccznkkeccclyctkccslccqylmxmjjccnnbjosrcz
kkbzjkkkccznkkeccclyctkccslccqylmxmjjvnnbjksraz
kkbzjkkkccznkkeccclyctkccslccqylmxmjjvnnbjksrcz
kkbzjkkkccznkkeccclyctkccslccqylmxmjjvnnbjosraz
kkbzjkkkccznkkeccclyctkccslccqylmxmjjvnnbjosrcz
kkbzjkkkccznkkeccclyctkccslvqylmxmjjccnnbjksraz
kkbzjkkkccznkkeccclyctkccslvqylmxmjjccnnbjksrcz
kkbzjkkkccznkkeccclyctkccslvqylmxmjjccnnbjosraz
kkbzjkkkccznkkeccclyctkccslvqylmxmjjccnnbjosrcz
kkbzjkkkccznkkeccclyctkccslvqylmxmjjvnnbjksraz
kkbzjkkkccznkkeccclyctkccslvqylmxmjjvnnbjksrcz
kkbzjkkkccznkkeccclyctkccslvqylmxmjjvnnbjosraz
kkbzjkkkccznkkeccclyctkccslvqylmxmjjvnnbjosrcz
kkbzjkkkccznkkeccclyctkvslccqylmxmjjccnnbjksraz
kkbzjkkkccznkkeccclyctkvslccqylmxmjjccnnbjksrcz
kkbzjkkkccznkkeccclyctkvslccqylmxmjjccnnbjosraz
kkbzjkkkccznkkeccclyctkvslccqylmxmjjccnnbjosrcz
kkbzjkkkccznkkeccclyctkvslccqylmxmjjvnnbjksraz
kkbzjkkkccznkkeccclyctkvslccqylmxmjjvnnbjksrcz
kkbzjkkkccznkkeccclyctkvslccqylmxmjjvnnbjosraz
kkbzjkkkccznkkeccclyctkvslccqylmxmjjvnnbjosrcz
kkbzjkkkccznkkeccclyctkvslvqylmxmjjccnnbjksraz
kkbzjkkkccznkkeccclyctkvslvqylmxmjjccnnbjksrcz
kkbzjkkkccznkkeccclyctkvslvqylmxmjjccnnbjosraz
kkbzjkkkccznkkeccclyctkvslvqylmxmjjccnnbjosrcz
kkbzjkkkccznkkeccclyctkvslvqylmxmjjvnnbjksraz
kkbzjkkkccznkkeccclyctkvslvqylmxmjjvnnbjksrcz
kkbzjkkkccznkkeccclyctkvslvqylmxmjjvnnbjosraz
kkbzjkkkccznkkeccclyctkvslvqylmxmjjvnnbjosrcz
kkbzjkkkccznkkeccclyctoccslccqylmxmjjccnnbjksraz
kkbzjkkkccznkkeccclyctoccslccqylmxmjjccnnbjksrcz
kkbzjkkkccznkkeccclyctoccslccqylmxmjjccnnbjosraz
kkbzjkkkccznkkeccclyctoccslccqylmxmjjccnnbjosrcz

Case #89


Case #90
amvaiflnftyumoajvyun

Case #91


Case #92


Case #93


Case #94
aaaaaaaaaaaaaaaaaaaaaaaaa

Case #95


Case #96


Case #97


Case #98
qqxaqqxvxaaqqyp
qqxaqqxvxaaqvayp
qqxaqqxvxaavaqyp
qqxaqqxvxaavavayp
qqxaqqxvxapqqyp
qqxaqqxvxapqvayp
qqxaqqxvxapvaqyp
qqxaqqxvxapvavayp
qqxaqqxvxpaqqyp
qqxaqqxvxpaqvayp
qqxaqqxvxpavaqyp
qqxaqqxvxpavavayp
qqxaqqxvxppqqyp
qqxaqqxvxppqvayp
qqxaqqxvxppvaqyp
qqxaqqxvxppvavayp
qqxaqvaxvxaaqqyp
qqxaqvaxvxaaqvayp
qqxaqvaxvxaavaqyp
qqxaqvaxvxaavavayp
qqxaqvaxvxapqqyp
qqxaqvaxvxapqvayp
qqxaqvaxvxapvaqyp
qqxaqvaxvxapvavayp
qqxaqvaxvxpaqqyp
qqxaqvaxvxpaqvayp
qqxaqvaxvxpavaqyp
qqxaqvaxvxpavavayp
qqxaqvaxvxppqqyp
qqxaqvaxvxppqvayp
qqxaqvaxvxppvaqyp
qqxaqvaxvxppvavayp
qqxavaqxvxaaqqyp
qqxavaqxvxaaqvayp
qqxavaqxvxaavaqyp
qqxavaqxvxaavavayp
qqxavaqxvxapqqyp
qqxavaqxvxapqvayp
qqxavaqxvxapvaqyp
qqxavaqxvxapvavayp
qqxavaqxvxpaqqyp
qqxavaqxvxpaqvayp
qqxavaqxvxpavaqyp
qqxavaqxvxpavavayp
qqxavaqxvxppqqyp
qqxavaqxvxppqvayp
qqxavaqxvxppvaqyp
qqxavaqxvxppvavayp
qqxavavaxvxaaqqyp
qqxavavaxvxaaqvayp
qqxavavaxvxaavaqyp
qqxavavaxvxaavavayp
qqxavavaxvxapqqyp
qqxavavaxvxapqvayp
qqxavavaxvxapvaqyp
qqxavavaxvxapvavayp
qqxavavaxvxpaqqyp
qqxavavaxvxpaqvayp
qqxavavaxvxpavaqyp
qqxavavaxvxpavavayp
qqxavavaxvxppqqyp
qqxavavaxvxppqvayp
qqxavavaxvxppvaqyp
qqxavavaxvxppvavayp
qvaxaqqxvxaaqqyp
qvaxaqqxvxaaqvayp
qvaxaqqxvxaavaqyp
qvaxaqqxvxaavavayp
qvaxaqqxvxapqqyp
qvaxaqqxvxapqvayp
qvaxaqqxvxapvaqyp
qvaxaqqxvxapvavayp
qvaxaqqxvxpaqqyp
qvaxaqqxvxpaqvayp
qvaxaqqxvxpavaqyp
qvaxaqqxvxpavavayp
qvaxaqqxvxppqqyp
qvaxaqqxvxppqvayp
qvaxaqqxvxppvaqyp
qvaxaqqxvxppvavayp
qvaxaqvaxvxaaqqyp
qvaxaqvaxvxaaqvayp
qvaxaqvaxvxaavaqyp
qvaxaqvaxvxaavavayp
qvaxaqvaxvxapqqyp
qvaxaqvaxvxapqvayp
qvaxaqvaxvxapvaqyp
qvaxaqvaxvxapvavayp
qvaxaqvaxvxpaqqyp
qvaxaqvaxvxpaqvayp
qvaxaqvaxvxpavaqyp
qvaxaqvaxvxpavavayp
qvaxaqvaxvxppqqyp
qvaxaqvaxvxppqvayp
qvaxaqvaxvxppvaqyp
qvaxaqvaxvxppvavayp
qvaxavaqxvxaaqqyp
qvaxavaqxvxaaqvayp
qvaxavaqxvxaavaqyp
qvaxavaqxvxaavavayp

Case #99


Case #100


Case #101


Case #102


Case #103


Case #104
jkkxxxxjkxeex

Case #105
wzyzfxtznfnxqtx

Case #106


Case #107


Case #108


Case #109


Case #110


Case #111


Case #112


Case #113


Case #114


Case #115


Case #116


Case #117


Case #118


Case #119


Case #120
oepwdedd

Case #121
bougrgbbrlccvu

Case #122


Case #123


Case #124
kkmxrc

Case #125
mowdnodkowokjwj

Case #126
wwbzbsbftbyfwfszmyvkeghdefrxedekxhwbrfx
wwbzbsbftbyfwfszmyvkeghdefrxedekxhwtrfx
wwbzbsbftbyfwfzkmyvkeghdefrxedekxhwbrfx
wwbzbsbftbyfwfzkmyvkeghdefrxedekxhwtrfx
wwbzbsbftbywvfszmyvkeghdefrxedekxhwbrfx
wwbzbsbftbywvfszmyvkeghdefrxedekxhwtrfx
wwbzbsbftbywvfzkmyvkeghdefrxedekxhwbrfx
wwbzbsbftbywvfzkmyvkeghdefrxedekxhwtrfx
wwbzbsbfttyfwfszmyvkeghdefrxedekxhwbrfx
wwbzbsbfttyfwfszmyvkeghdefrxedekxhwtrfx
wwbzbsbfttyfwfzkmyvkeghdefrxedekxhwbrfx
wwbzbsbfttyfwfzkmyvkeghdefrxedekxhwtrfx
wwbzbsbfttywvfszmyvkeghdefrxedekxhwbrfx
wwbzbsbfttywvfszmyvkeghdefrxedekxhwtrfx
wwbzbsbfttywvfzkmyvkeghdefrxedekxhwbrfx
wwbzbsbfttywvfzkmyvkeghdefrxedekxhwtrfx
wwbzbsbwhbyfwfszmyvkeghdefrxedekxhwbrfx
wwbzbsbwhbyfwfszmyvkeghdefrxedekxhwtrfx
wwbzbsbwhbyfwfzkmyvkeghdefrxedekxhwbrfx
wwbzbsbwhbyfwfzkmyvkeghdefrxedekxhwtrfx
wwbzbsbwhbywvfszmyvkeghdefrxedekxhwbrfx
wwbzbsbwhbywvfszmyvkeghdefrxedekxhwtrfx
wwbzbsbwhbywvfzkmyvkeghdefrxedekxhwbrfx
wwbzbsbwhbywvfzkmyvkeghdefrxedekxhwtrfx
wwbzbsbwhtyfwfszmyvkeghdefrxedekxhwbrfx
wwbzbsbwhtyfwfszmyvkeghdefrxedekxhwtrfx
wwbzbsbwhtyfwfzkmyvkeghdefrxedekxhwbrfx
wwbzbsbwhtyfwfzkmyvkeghdefrxedekxhwtrfx
wwbzbsbwhtywvfszmyvkeghdefrxedekxhwbrfx
wwbzbsbwhtywvfszmyvkeghdefrxedekxhwtrfx
wwbzbsbwhtywvfzkmyvkeghdefrxedekxhwbrfx
wwbzbsbwhtywvfzkmyvkeghdefrxedekxhwtrfx
wwbzbstftbyfwfszmyvkeghdefrxedekxhwbrfx
wwbzbstftbyfwfszmyvkeghdefrxedekxhwtrfx
wwbzbstftbyfwfzkmyvkeghdefrxedekxhwbrfx
wwbzbstftbyfwfzkmyvkeghdefrxedekxhwtrfx
wwbzbstftbywvfszmyvkeghdefrxedekxhwbrfx
wwbzbstftbywvfszmyvkeghdefrxedekxhwtrfx
wwbzbstftbywvfzkmyvkeghdefrxedekxhwbrfx
wwbzbstftbywvfzkmyvkeghdefrxedekxhwtrfx
wwbzbstfttyfwfszmyvkeghdefrxedekxhwbrfx
wwbzbstfttyfwfszmyvkeghdefrxedekxhwtrfx
wwbzbstfttyfwfzkmyvkeghdefrxedekxhwbrfx
wwbzbstfttyfwfzkmyvkeghdefrxedekxhwtrfx
wwbzbstfttywvfszmyvkeghdefrxedekxhwbrfx
wwbzbstfttywvfszmyvkeghdefrxedekxhwtrfx
wwbzbstfttywvfzkmyvkeghdefrxedekxhwbrfx
wwbzbstfttywvfzkmyvkeghdefrxedekxhwtrfx
wwbzbstwhbyfwfszmyvkeghdefrxedekxhwbrfx
wwbzbstwhbyfwfszmyvkeghdefrxedekxhwtrfx
wwbzbstwhbyfwfzkmyvkeghdefrxedekxhwbrfx
wwbzbstwhbyfwfzkmyvkeghdefrxedekxhwtrfx
wwbzbstwhbywvfszmyvkeghdefrxedekxhwbrfx
wwbzbstwhbywvfszmyvkeghdefrxedekxhwtrfx
wwbzbstwhbywvfzkmyvkeghdefrxedekxhwbrfx
wwbzbstwhbywvfzkmyvkeghdefrxedekxhwtrfx
wwbzbstwhtyfwfszmyvkeghdefrxedekxhwbrfx
wwbzbstwhtyfwfszmyvkeghdefrxedekxhwtrfx
wwbzbstwhtyfwfzkmyvkeghdefrxedekxhwbrfx
wwbzbstwhtyfwfzkmyvkeghdefrxedekxhwtrfx
wwbzbstwhtywvfszmyvkeghdefrxedekxhwbrfx
wwbzbstwhtywvfszmyvkeghdefrxedekxhwtrfx
wwbzbstwhtywvfzkmyvkeghdefrxedekxhwbrfx
wwbzbstwhtywvfzkmyvkeghdefrxedekxhwtrfx
wwbztsbftbyfwfszmyvkeghdefrxedekxhwbrfx
wwbztsbftbyfwfszmyvkeghdefrxedekxhwtrfx
wwbztsbftbyfwfzkmyvkeghdefrxedekxhwbrfx
wwbztsbftbyfwfzkmyvkeghdefrxedekxhwtrfx
wwbztsbftbywvfszmyvkeghdefrxedekxhwbrfx
wwbztsbftbywvfszmyvkeghdefrxedekxhwtrfx
wwbztsbftbywvfzkmyvkeghdefrxedekxhwbrfx
wwbztsbftbywvfzkmyvkeghdefrxedekxhwtrfx
wwbztsbfttyfwfszmyvkeghdefrxedekxhwbrfx
wwbztsbfttyfwfszmyvkeghdefrxedekxhwtrfx
wwbztsbfttyfwfzkmyvkeghdefrxedekxhwbrfx
wwbztsbfttyfwfzkmyvkeghdefrxedekxhwtrfx
wwbztsbfttywvfszmyvkeghdefrxedekxhwbrfx
wwbztsbfttywvfszmyvkeghdefrxedekxhwtrfx
wwbztsbfttywvfzkmyvkeghdefrxedekxhwbrfx
wwbztsbfttywvfzkmyvkeghdefrxedekxhwtrfx
wwbztsbwhbyfwfszmyvkeghdefrxedekxhwbrfx
wwbztsbwhbyfwfszmyvkeghdefrxedekxhwtrfx
wwbztsbwhbyfwfzkmyvkeghdefrxedekxhwbrfx
wwbztsbwhbyfwfzkmyvkeghdefrxedekxhwtrfx
wwbztsbwhbywvfszmyvkeghdefrxedekxhwbrfx
wwbztsbwhbywvfszmyvkeghdefrxedekxhwtrfx
wwbztsbwhbywvfzkmyvkeghdefrxedekxhwbrfx
wwbztsbwhbywvfzkmyvkeghdefrxedekxhwtrfx
wwbztsbwhtyfwfszmyvkeghdefrxedekxhwbrfx
wwbztsbwhtyfwfszmyvkeghdefrxedekxhwtrfx
wwbztsbwhtyfwfzkmyvkeghdefrxedekxhwbrfx
wwbztsbwhtyfwfzkmyvkeghdefrxedekxhwtrfx
wwbztsbwhtywvfszmyvkeghdefrxedekxhwbrfx
wwbztsbwhtywvfszmyvkeghdefrxedekxhwtrfx
wwbztsbwhtywvfzkmyvkeghdefrxedekxhwbrfx
wwbztsbwhtywvfzkmyvkeghdefrxedekxhwtrfx
wwbztstftbyfwfszmyvkeghdefrxedekxhwbrfx
wwbztstftbyfwfszmyvkeghdefrxedekxhwtrfx
wwbztstftbyfwfzkmyvkeghdefrxedekxhwbrfx
wwbztstftbyfwfzkmyvkeghdefrxedekxhwtrfx

Case #127
gfrdaaymf

Case #128
zvifjvqnjfjfefnduaazinibffzjd
zvifjvqnjfjfefnduaazinibffzud
zvifjvqnjfufefnduaazinibffzjd
zvifjvqnjfufefnduaazinibffzud
zvifjvqnufjfefnduaazinibffzjd
zvifjvqnufjfefnduaazinibffzud
zvifjvqnufufefnduaazinibffzjd
zvifjvqnufufefnduaazinibffzud
zvifuvqnjfjfefnduaazinibffzjd
zvifuvqnjfjfefnduaazinibffzud
zvifuvqnjfufefnduaazinibffzjd
zvifuvqnjfufefnduaazinibffzud
zvifuvqnufjfefnduaazinibffzjd
zvifuvqnufjfefnduaazinibffzud
zvifuvqnufufefnduaazinibffzjd
zvifuvqnufufefnduaazinibffzud

Case #129
onmuncmumnmldnlglocmgcoguntltodwtndnddttomgcu

Case #130


Case #131
wuwarkwcprpvcswquklwkrusrljplsersveawpc

Case #132


Case #133


Case #134
jmshvhhdpupmarpdpahmphhavvhulizhfhzdlohajswvmh
jmstihhdpupmarpdpahmphhavvhulizhfhzdlohajswvmh

Case #135


Case #136


Case #137
syztmksnwwnffylfdvyzsgsxkfjssvkzz

Case #138


Case #139


Case #140
fdfmyddwddmfmyd

Case #141


Case #142


Case #143


Case #144


Case #145


Case #146


Case #147


Case #148


Case #149
pcbbcbsuupsbccbbspcspcbbssppcubscubpb

Case #150


Case #151


Case #152


Case #153


Case #154


Case #155
drggabgbksphhsazhaaernvsrkkdnrbbyyeazkivwv
drggabgbksphhsazhaaernvsrkkdnrbbyyexkivwv
drggabgbksphhsazhaaernvsrkkdnrbbyyzaazkivwv
drggabgbksphhsazhaaernvsrkkdnrbbyyzaxkivwv
drggabgbksphhsazhaazarnvsrkkdnrbbyyeazkivwv
drggabgbksphhsazhaazarnvsrkkdnrbbyyexkivwv
drggabgbksphhsazhaazarnvsrkkdnrbbyyzaazkivwv
drggabgbksphhsazhaazarnvsrkkdnrbbyyzaxkivwv
drggabgbksphhsazhaazfrnvsrkkdnrbbyyeazkivwv
drggabgbksphhsazhaazfrnvsrkkdnrbbyyexkivwv
drggabgbksphhsazhaazfrnvsrkkdnrbbyyzaazkivwv
drggabgbksphhsazhaazfrnvsrkkdnrbbyyzaxkivwv
drggabgbksphhsazhaxarnvsrkkdnrbbyyeazkivwv
drggabgbksphhsazhaxarnvsrkkdnrbbyyexkivwv
drggabgbksphhsazhaxarnvsrkkdnrbbyyzaazkivwv
drggabgbksphhsazhaxarnvsrkkdnrbbyyzaxkivwv
drggabgbksphhsazhaxfrnvsrkkdnrbbyyeazkivwv
drggabgbksphhsazhaxfrnvsrkkdnrbbyyexkivwv
drggabgbksphhsazhaxfrnvsrkkdnrbbyyzaazkivwv
drggabgbksphhsazhaxfrnvsrkkdnrbbyyzaxkivwv
drggabgbksphhsazhfaernvsrkkdnrbbyyeazkivwv
drggabgbksphhsazhfaernvsrkkdnrbbyyexkivwv
drggabgbksphhsazhfaernvsrkkdnrbbyyzaazkivwv
drggabgbksphhsazhfaernvsrkkdnrbbyyzaxkivwv
drggabgbksphhsazhfazarnvsrkkdnrbbyyeazkivwv
drggabgbksphhsazhfazarnvsrkkdnrbbyyexkivwv
drggabgbksphhsazhfazarnvsrkkdnrbbyyzaazkivwv
drggabgbksphhsazhfazarnvsrkkdnrbbyyzaxkivwv
drggabgbksphhsazhfazfrnvsrkkdnrbbyyeazkivwv
drggabgbksphhsazhfazfrnvsrkkdnrbbyyexkivwv
drggabgbksphhsazhfazfrnvsrkkdnrbbyyzaazkivwv
drggabgbksphhsazhfazfrnvsrkkdnrbbyyzaxkivwv
drggabgbksphhsazhfxarnvsrkkdnrbbyyeazkivwv
drggabgbksphhsazhfxarnvsrkkdnrbbyyexkivwv
drggabgbksphhsazhfxarnvsrkkdnrbbyyzaazkivwv
drggabgbksphhsazhfxarnvsrkkdnrbbyyzaxkivwv
drggabgbksphhsazhfxfrnvsrkkdnrbbyyeazkivwv
drggabgbksphhsazhfxfrnvsrkkdnrbbyyexkivwv
drggabgbksphhsazhfxfrnvsrkkdnrbbyyzaazkivwv
drggabgbksphhsazhfxfrnvsrkkdnrbbyyzaxkivwv
drggabgbksphhsfzhaaernvsrkkdnrbbyyeazkivwv
drggabgbksphhsfzhaaernvsrkkdnrbbyyexkivwv
drggabgbksphhsfzhaaernvsrkkdnrbbyyzaazkivwv
drggabgbksphhsfzhaaernvsrkkdnrbbyyzaxkivwv
drggabgbksphhsfzhaazarnvsrkkdnrbbyyeazkivwv
drggabgbksphhsfzhaazarnvsrkkdnrbbyyexkivwv
drggabgbksphhsfzhaazarnvsrkkdnrbbyyzaazkivwv
drggabgbksphhsfzhaazarnvsrkkdnrbbyyzaxkivwv
drggabgbksphhsfzhaazfrnvsrkkdnrbbyyeazkivwv
drggabgbksphhsfzhaazfrnvsrkkdnrbbyyexkivwv
drggabgbksphhsfzhaazfrnvsrkkdnrbbyyzaazkivwv
drggabgbksphhsfzhaazfrnvsrkkdnrbbyyzaxkivwv
drggabgbksphhsfzhaxarnvsrkkdnrbbyyeazkivwv
drggabgbksphhsfzhaxarnvsrkkdnrbbyyexkivwv
drggabgbksphhsfzhaxarnvsrkkdnrbbyyzaazkivwv
drggabgbksphhsfzhaxarnvsrkkdnrbbyyzaxkivwv
drggabgbksphhsfzhaxfrnvsrkkdnrbbyyeazkivwv
drggabgbksphhsfzhaxfrnvsrkkdnrbbyyexkivwv
drggabgbksphhsfzhaxfrnvsrkkdnrbbyyzaazkivwv
drggabgbksphhsfzhaxfrnvsrkkdnrbbyyzaxkivwv
drggabgbksphhsfzhfaernvsrkkdnrbbyyeazkivwv
drggabgbksphhsfzhfaernvsrkkdnrbbyyexkivwv
drggabgbksphhsfzhfaernvsrkkdnrbbyyzaazkivwv
drggabgbksphhsfzhfaernvsrkkdnrbbyyzaxkivwv
drggabgbksphhsfzhfazarnvsrkkdnrbbyyeazkivwv
drggabgbksphhsfzhfazarnvsrkkdnrbbyyexkivwv
drggabgbksphhsfzhfazarnvsrkkdnrbbyyzaazkivwv
drggabgbksphhsfzhfazarnvsrkkdnrbbyyzaxkivwv
drggabgbksphhsfzhfazfrnvsrkkdnrbbyyeazkivwv
drggabgbksphhsfzhfazfrnvsrkkdnrbbyyexkivwv
drggabgbksphhsfzhfazfrnvsrkkdnrbbyyzaazkivwv
drggabgbksphhsfzhfazfrnvsrkkdnrbbyyzaxkivwv
drggabgbksphhsfzhfxarnvsrkkdnrbbyyeazkivwv
drggabgbksphhsfzhfxarnvsrkkdnrbbyyexkivwv
drggabgbksphhsfzhfxarnvsrkkdnrbbyyzaazkivwv
drggabgbksphhsfzhfxarnvsrkkdnrbbyyzaxkivwv
drggabgbksphhsfzhfxfrnvsrkkdnrbbyyeazkivwv
drggabgbksphhsfzhfxfrnvsrkkdnrbbyyexkivwv
drggabgbksphhsfzhfxfrnvsrkkdnrbbyyzaazkivwv
drggabgbksphhsfzhfxfrnvsrkkdnrbbyyzaxkivwv

Case #156


Case #157


Case #158


Case #159


Case #160


Case #161


Case #162


Case #163


Case #164


Case #165


Case #166


Case #167


Case #168


Case #169


Case #170


Case #171


Case #172


Case #173


Case #174


Case #175
rrybwdwmqwkbybpdqccc

Case #176


Case #177


Case #178


Case #179


Case #180


Case #181


Case #182


Case #183


Case #184


Case #185
bibbbibbbibbbbilbipbbiivbiiiliibibbbl
bibbbibbbibbbbilbipbbiivbiiiliibibjl
bibbbibbbibbbbilbipbbiivbiiiliibijbl
bibbbibbbibbbbilbipbbiivbiiiliiobbbl
bibbbibbbibbbbilbipbbiivbiiiliiobjl
bibbbibbbibbbbilbipbbiivbiiiliiojbl
bibbbibbbibbbbilbipbbiivbiiilxbibbbl
bibbbibbbibbbbilbipbbiivbiiilxbibjl
bibbbibbbibbbbilbipbbiivbiiilxbijbl
bibbbibbbibbbbilbipbbiivbiiilxobbbl
bibbbibbbibbbbilbipbbiivbiiilxobjl
bibbbibbbibbbbilbipbbiivbiiilxojbl
bibbbibbbibbbbilbipbbiivbixliibibbbl
bibbbibbbibbbbilbipbbiivbixliibibjl
bibbbibbbibbbbilbipbbiivbixliibijbl
bibbbibbbibbbbilbipbbiivbixliiobbbl
bibbbibbbibbbbilbipbbiivbixliiobjl
bibbbibbbibbbbilbipbbiivbixliiojbl
bibbbibbbibbbbilbipbbiivbixlxbibbbl
bibbbibbbibbbbilbipbbiivbixlxbibjl
bibbbibbbibbbbilbipbbiivbixlxbijbl
bibbbibbbibbbbilbipbbiivbixlxobbbl
bibbbibbbibbbbilbipbbiivbixlxobjl
bibbbibbbibbbbilbipbbiivbixlxojbl
bibbbibbbibbbbilbipbbiivbxiliibibbbl
bibbbibbbibbbbilbipbbiivbxiliibibjl
bibbbibbbibbbbilbipbbiivbxiliibijbl
bibbbibbbibbbbilbipbbiivbxiliiobbbl
bibbbibbbibbbbilbipbbiivbxiliiobjl
bibbbibbbibbbbilbipbbiivbxiliiojbl
bibbbibbbibbbbilbipbbiivbxilxbibbbl
bibbbibbbibbbbilbipbbiivbxilxbibjl
bibbbibbbibbbbilbipbbiivbxilxbijbl
bibbbibbbibbbbilbipbbiivbxilxobbbl
bibbbibbbibbbbilbipbbiivbxilxobjl
bibbbibbbibbbbilbipbbiivbxilxojbl
bibbbibbbibbbbilbipbbiivoiiliibibbbl
bibbbibbbibbbbilbipbbiivoiiliibibjl
bibbbibbbibbbbilbipbbiivoiiliibijbl
bibbbibbbibbbbilbipbbiivoiiliiobbbl
bibbbibbbibbbbilbipbbiivoiiliiobjl
bibbbibbbibbbbilbipbbiivoiiliiojbl
bibbbibbbibbbbilbipbbiivoiilxbibbbl
bibbbibbbibbbbilbipbbiivoiilxbibjl
bibbbibbbibbbbilbipbbiivoiilxbijbl
bibbbibbbibbbbilbipbbiivoiilxobbbl
bibbbibbbibbbbilbipbbiivoiilxobjl
bibbbibbbibbbbilbipbbiivoiilxojbl
bibbbibbbibbbbilbipbbiivoxliibibbbl
bibbbibbbibbbbilbipbbiivoxliibibjl
bibbbibbbibbbbilbipbbiivoxliibijbl
bibbbibbbibbbbilbipbbiivoxliiobbbl
bibbbibbbibbbbilbipbbiivoxliiobjl
bibbbibbbibbbbilbipbbiivoxliiojbl
bibbbibbbibbbbilbipbbiivoxlxbibbbl
bibbbibbbibbbbilbipbbiivoxlxbibjl
bibbbibbbibbbbilbipbbiivoxlxbijbl
bibbbibbbibbbbilbipbbiivoxlxobbbl
bibbbibbbibbbbilbipbbiivoxlxobjl
bibbbibbbibbbbilbipbbiivoxlxojbl
bibbbibbbibbbbilbipbbxvbiiiliibibbbl
bibbbibbbibbbbilbipbbxvbiiiliibibjl
bibbbibbbibbbbilbipbbxvbiiiliibijbl
bibbbibbbibbbbilbipbbxvbiiiliiobbbl
bibbbibbbibbbbilbipbbxvbiiiliiobjl
bibbbibbbibbbbilbipbbxvbiiiliiojbl
bibbbibbbibbbbilbipbbxvbiiilxbibbbl
bibbbibbbibbbbilbipbbxvbiiilxbibjl
bibbbibbbibbbbilbipbbxvbiiilxbijbl
bibbbibbbibbbbilbipbbxvbiiilxobbbl
bibbbibbbibbbbilbipbbxvbiiilxobjl
bibbbibbbibbbbilbipbbxvbiiilxojbl
bibbbibbbibbbbilbipbbxvbixliibibbbl
bibbbibbbibbbbilbipbbxvbixliibibjl
bibbbibbbibbbbilbipbbxvbixliibijbl
bibbbibbbibbbbilbipbbxvbixliiobbbl
bibbbibbbibbbbilbipbbxvbixliiobjl
bibbbibbbibbbbilbipbbxvbixliiojbl
bibbbibbbibbbbilbipbbxvbixlxbibbbl
bibbbibbbibbbbilbipbbxvbixlxbibjl
bibbbibbbibbbbilbipbbxvbixlxbijbl
bibbbibbbibbbbilbipbbxvbixlxobbbl
bibbbibbbibbbbilbipbbxvbixlxobjl
bibbbibbbibbbbilbipbbxvbixlxojbl
bibbbibbbibbbbilbipbbxvbxiliibibbbl
bibbbibbbibbbbilbipbbxvbxiliibibjl
bibbbibbbibbbbilbipbbxvbxiliibijbl
bibbbibbbibbbbilbipbbxvbxiliiobbbl
bibbbibbbibbbbilbipbbxvbxiliiobjl
bibbbibbbibbbbilbipbbxvbxiliiojbl
bibbbibbbibbbbilbipbbxvbxilxbibbbl
bibbbibbbibbbbilbipbbxvbxilxbibjl
bibbbibbbibbbbilbipbbxvbxilxbijbl
bibbbibbbibbbbilbipbbxvbxilxobbbl
bibbbibbbibbbbilbipbbxvbxilxobjl
bibbbibbbibbbbilbipbbxvbxilxojbl
bibbbibbbibbbbilbipbbxvoiiliibibbbl
bibbbibbbibbbbilbipbbxvoiiliibibjl
bibbbibbbibbbbilbipbbxvoiiliibijbl
bibbbibbbibbbbilbipbbxvoiiliiobbbl

Case #186


Case #187


Case #188


Case #189


Case #190


Case #191


Case #192


Case #193


Case #194


Case #195


Case #196


Case #197


Case #198


Case #199


Case #200


Case #201
gbyggbdddbzybmdsbzybmmzybgmsbgdzbz

Case #202


Case #203


Case #204
hrywwrhy

Case #205


Case #206
tybyhts

Case #207


Case #208
mbpmrbscgvx
mbpmrbsstgvx

Case #209


Case #210


Case #211


Case #212


Case #213


Case #214


Case #215


Case #216
cfhfjsa
mofhfjsa

Case #217


Case #218


Case #219


Case #220


Case #221


Case #222


Case #223
kffkrf

Case #224


Case #225


Case #226


Case #227


Case #228


Case #229


Case #230


Case #231


Case #232
ffmcddfrldggdd
ffmcddfrldggp
ffmcddfrldgwd
ffmcddfrldzdd
ffmcddfrldzp
ffmcpfrldggdd
ffmcpfrldggp
ffmcpfrldgwd
ffmcpfrldzdd
ffmcpfrldzp
fgqdcddfrldggdd
fgqdcddfrldggp
fgqdcddfrldgwd
fgqdcddfrldzdd
fgqdcddfrldzp
fgqdcpfrldggdd
fgqdcpfrldggp
fgqdcpfrldgwd
fgqdcpfrldzdd
fgqdcpfrldzp

Case #233


Case #234


Case #235
exgvzspgdmzghziigdiczleh

Case #236


Case #237


Case #238


Case #239


Case #240


Case #241
wwalhdbnvbhnqanl
wwalhobnvbhnqanl

Case #242


Case #243


Case #244


Case #245


Case #246


Case #247


Case #248


Case #249


Case #250


Case #251
rsbibdbfjeordsubfotrj

Case #252
efosaymcqmtg
efspaymcqmtg
efsusaymcqmtg

Case #253


Case #254
noqjsj
noqqdj

Case #255


Case #256


Case #257


Case #258
rryyppype

Case #259


Case #260
mrture
mzure

Case #261


Case #262


Case #263


Case #264
kkkkkkkkkkkkkkkk

Case #265


Case #266
whmsihcjvwevynod

Case #267


Case #268


Case #269


Case #270
zqyllzdndhgfzqvkqjsfen
zqyozdndhgfzqvkqjsfen

Case #271


Case #272


Case #273


Case #274
mnmnambmaxxnxnaa

Case #275


Case #276


Case #277


Case #278
mffvcvrf
msvcvrf

Case #279


Case #280


Case #281
fdfnmtvyozxhvotcplasatda
fdfnmtvyozxhvotcplasatxta
fdfnmtvyuzxhvotcplasatda
fdfnmtvyuzxhvotcplasatxta
fdfnnttvyozxhvotcplasatda
fdfnnttvyozxhvotcplasatxta
fdfnnttvyuzxhvotcplasatda
fdfnnttvyuzxhvotcplasatxta
fxtfnmtvyozxhvotcplasatda
fxtfnmtvyozxhvotcplasatxta
fxtfnmtvyuzxhvotcplasatda
fxtfnmtvyuzxhvotcplasatxta
fxtfnnttvyozxhvotcplasatda
fxtfnnttvyozxhvotcplasatxta
fxtfnnttvyuzxhvotcplasatda
fxtfnnttvyuzxhvotcplasatxta

Case #282
cpqbblbbmvlmo
cpqbblimvlmo
cpqilbbmvlmo
cpqilimvlmo

Case #283


Case #284


Case #285


Case #286


Case #287


Case #288


Case #289


Case #290


Case #291


Case #292


Case #293


Case #294


Case #295


Case #296


Case #297


Case #298


Case #299
cffzuut

Case #300


Case #301


Case #302


Case #303


Case #304
ffff

Case #305


Case #306


Case #307


Case #308


Case #309
gggzzzgggzzggzggzgzzgzz

Case #310


Case #311


Case #312


Case #313


Case #314


Case #315


Case #316


Case #317


Case #318
evvmuvkkmdmkekbduadaekveeamd

Case #319


Case #320


Case #321


Case #322


Case #323


Case #324


Case #325


Case #326


Case #327


Case #328


Case #329


Case #330


Case #331


Case #332


Case #333


Case #334


Case #335


Case #336


Case #337
umaicyzkvsajqnzzmsqvsisu

Case #338


Case #339


Case #340


Case #341
ndncskdkdnhtksla
ndncskdkenhtksla
ndnldskdkdnhtksla
ndnldskdkenhtksla
sbncskdkdnhtksla
sbncskdkenhtksla
sbnldskdkdnhtksla
sbnldskdkenhtksla

Case #342
asptzjppzarothzjr
asptzjppzarozhzjr
aspzzjppzarothzjr
aspzzjppzarozhzjr

Case #343


Case #344


Case #345


Case #346


Case #347


Case #348


Case #349
vrcdnbwniatvcbvkicvzzfwiaczkatinrw
vrcdnbwniatvcbvkicvzzfwiaczkatzknrw
vrcdnbwniatvcbvkicvzzfwzkaczkatinrw
vrcdnbwniatvcbvkicvzzfwzkaczkatzknrw
vrcdnbwniatvcbvkzkcvzzfwiaczkatinrw
vrcdnbwniatvcbvkzkcvzzfwiaczkatzknrw
vrcdnbwniatvcbvkzkcvzzfwzkaczkatinrw
vrcdnbwniatvcbvkzkcvzzfwzkaczkatzknrw
vrcdnbwnzkatvcbvkicvzzfwiaczkatinrw
vrcdnbwnzkatvcbvkicvzzfwiaczkatzknrw
vrcdnbwnzkatvcbvkicvzzfwzkaczkatinrw
vrcdnbwnzkatvcbvkicvzzfwzkaczkatzknrw
vrcdnbwnzkatvcbvkzkcvzzfwiaczkatinrw
vrcdnbwnzkatvcbvkzkcvzzfwiaczkatzknrw
vrcdnbwnzkatvcbvkzkcvzzfwzkaczkatinrw
vrcdnbwnzkatvcbvkzkcvzzfwzkaczkatzknrw

Case #350


Case #351
dfjjyazniiryqrfdqfmamxzeenifzndji
dfjjyazniiryqrfdqfmamxzpnifzndji

Case #352


Case #353
nryrnvdeyrllrvzdvy

Case #354
esdsdxkshshgdahsaw
esdsxhkshshgdahsaw

Case #355


Case #356


Case #357
kasdckdkkckhshhkaachcskscdssi

Case #358


Case #359


Case #360
ikvaibgquxvbboqmbebmvafbpvbxo
ikvaibgquxvbboqmbebmvafbpvzxo
ikvaibgquxvbboqmzebmvafbpvbxo
ikvaibgquxvbboqmzebmvafbpvzxo
ikvaibgquxvbzoqmbebmvafbpvbxo
ikvaibgquxvbzoqmbebmvafbpvzxo
ikvaibgquxvbzoqmzebmvafbpvbxo
ikvaibgquxvbzoqmzebmvafbpvzxo
ikvaibgquxvzboqmbebmvafbpvbxo
ikvaibgquxvzboqmbebmvafbpvzxo
ikvaibgquxvzboqmzebmvafbpvbxo
ikvaibgquxvzboqmzebmvafbpvzxo
ikvaibgquxvzzoqmbebmvafbpvbxo
ikvaibgquxvzzoqmbebmvafbpvzxo
ikvaibgquxvzzoqmzebmvafbpvbxo
ikvaibgquxvzzoqmzebmvafbpvzxo

Case #361


Case #362


Case #363


Case #364


Case #365


Case #366


Case #367


Case #368


Case #369


Case #370


Case #371


Case #372


Case #373


Case #374


Case #375


Case #376


Case #377


Case #378


Case #379


Case #380


Case #381


Case #382
xlvqwhmnfjmwjuodalcnvokava
xlvqwhmnfjmwjuodalvvnvokava

Case #383


Case #384


Case #385


Case #386


Case #387


Case #388


Case #389
cgrzmnmddsvb

Case #390


Case #391


Case #392


Case #393


Case #394


Case #395


Case #396


Case #397


Case #398


Case #399


Case #400


Case #401


Case #402


Case #403


Case #404


Case #405


Case #406


Case #407


Case #408


Case #409


Case #410


Case #411


Case #412


Case #413


Case #414


Case #415
bvvbvvbvvvvbvvbbvbbbvbvb

Case #416


Case #417


Case #418


Case #419


Case #420


Case #421


Case #422


Case #423


Case #424


Case #425


Case #426
zzegjofdwo
zzegjojgfo

Case #427
ndtwmntxddwtx

Case #428
ccccccccccccccccccccccccccccc

Case #429


Case #430


Case #431


Case #432


Case #433


Case #434


Case #435


Case #436


Case #437


Case #438


Case #439


Case #440
sxyvmdmeb

Case #441
aaaawaaawaawaww

Case #442


Case #443


Case #444


Case #445


Case #446


Case #447


Case #448


Case #449


Case #450


Case #451
neqtemh
neqtemut

Case #452


Case #453


Case #454
lmjyqkyk

Case #455


Case #456


Case #457
eeppwcncpuynfxyxpwffncjiywfcznccpieijxzepzfy

Case #458


Case #459


Case #460


Case #461


Case #462


Case #463
gdwjtcpeimyqpgllllhmbbmllqclixmeyd
gdwjtcpeimyqpgllllhmbbmsqclixmeyd
gdwjtcpeimyqpgllllhmblumllqclixmeyd
gdwjtcpeimyqpgllllhmblumsqclixmeyd
gdwjtcpeimyqpgllllhmlubmllqclixmeyd
gdwjtcpeimyqpgllllhmlubmsqclixmeyd
gdwjtcpeimyqpgllllhmlulumllqclixmeyd
gdwjtcpeimyqpgllllhmlulumsqclixmeyd
gdwjtcpeimyqpglllvlmbbmllqclixmeyd
gdwjtcpeimyqpglllvlmbbmsqclixmeyd
gdwjtcpeimyqpglllvlmblumllqclixmeyd
gdwjtcpeimyqpglllvlmblumsqclixmeyd
gdwjtcpeimyqpglllvlmlubmllqclixmeyd
gdwjtcpeimyqpglllvlmlubmsqclixmeyd
gdwjtcpeimyqpglllvlmlulumllqclixmeyd
gdwjtcpeimyqpglllvlmlulumsqclixmeyd
gdwjtcpeimyqpgllshmbbmllqclixmeyd
gdwjtcpeimyqpgllshmbbmsqclixmeyd
gdwjtcpeimyqpgllshmblumllqclixmeyd
gdwjtcpeimyqpgllshmblumsqclixmeyd
gdwjtcpeimyqpgllshmlubmllqclixmeyd
gdwjtcpeimyqpgllshmlubmsqclixmeyd
gdwjtcpeimyqpgllshmlulumllqclixmeyd
gdwjtcpeimyqpgllshmlulumsqclixmeyd
gdwjtcpeimyqpglslhmbbmllqclixmeyd
gdwjtcpeimyqpglslhmbbmsqclixmeyd
gdwjtcpeimyqpglslhmblumllqclixmeyd
gdwjtcpeimyqpglslhmblumsqclixmeyd
gdwjtcpeimyqpglslhmlubmllqclixmeyd
gdwjtcpeimyqpglslhmlubmsqclixmeyd
gdwjtcpeimyqpglslhmlulumllqclixmeyd
gdwjtcpeimyqpglslhmlulumsqclixmeyd
gdwjtcpeimyqpglsvlmbbmllqclixmeyd
gdwjtcpeimyqpglsvlmbbmsqclixmeyd
gdwjtcpeimyqpglsvlmblumllqclixmeyd
gdwjtcpeimyqpglsvlmblumsqclixmeyd
gdwjtcpeimyqpglsvlmlubmllqclixmeyd
gdwjtcpeimyqpglsvlmlubmsqclixmeyd
gdwjtcpeimyqpglsvlmlulumllqclixmeyd
gdwjtcpeimyqpglsvlmlulumsqclixmeyd
gdwjtcpeimyqpgsllhmbbmllqclixmeyd
gdwjtcpeimyqpgsllhmbbmsqclixmeyd
gdwjtcpeimyqpgsllhmblumllqclixmeyd
gdwjtcpeimyqpgsllhmblumsqclixmeyd
gdwjtcpeimyqpgsllhmlubmllqclixmeyd
gdwjtcpeimyqpgsllhmlubmsqclixmeyd
gdwjtcpeimyqpgsllhmlulumllqclixmeyd
gdwjtcpeimyqpgsllhmlulumsqclixmeyd
gdwjtcpeimyqpgslvlmbbmllqclixmeyd
gdwjtcpeimyqpgslvlmbbmsqclixmeyd
gdwjtcpeimyqpgslvlmblumllqclixmeyd
gdwjtcpeimyqpgslvlmblumsqclixmeyd
gdwjtcpeimyqpgslvlmlubmllqclixmeyd
gdwjtcpeimyqpgslvlmlubmsqclixmeyd
gdwjtcpeimyqpgslvlmlulumllqclixmeyd
gdwjtcpeimyqpgslvlmlulumsqclixmeyd
gdwjtcpeimyqpgsshmbbmllqclixmeyd
gdwjtcpeimyqpgsshmbbmsqclixmeyd
gdwjtcpeimyqpgsshmblumllqclixmeyd
gdwjtcpeimyqpgsshmblumsqclixmeyd
gdwjtcpeimyqpgsshmlubmllqclixmeyd
gdwjtcpeimyqpgsshmlubmsqclixmeyd
gdwjtcpeimyqpgsshmlulumllqclixmeyd
gdwjtcpeimyqpgsshmlulumsqclixmeyd

Case #464
whdhbbbqqakeq
whdhbbsqakeq

Case #465


Case #466


Case #467


Case #468


Case #469


Case #470


Case #471
tfkaare
tfkaire
tfpare
tfpire

Case #472


Case #473


Case #474


Case #475


Case #476


Case #477


Case #478


Case #479


Case #480


Case #481


Case #482


Case #483


Case #484
rpgpppgpmrrpgrrrrgmrrpmgmrrpmprmggpgrggrmgmr

Case #485


Case #486
uloozlzjooozaz
uloozlzjoovaz
ulovlzjooozaz
ulovlzjoovaz
zloozlzjooozaz
zloozlzjoovaz
zlovlzjooozaz
zlovlzjoovaz

Case #487


Case #488


Case #489


Case #490


Case #491


Case #492


Case #493


Case #494
tntnauwtncancuatnt
tntnauwtncancuayt
tntnauwycancuatnt
tntnauwycancuayt
tnyauwtncancuatnt
tnyauwtncancuayt
tnyauwycancuatnt
tnyauwycancuayt
ytnauwtncancuatnt
ytnauwtncancuayt
ytnauwycancuatnt
ytnauwycancuayt
yyauwtncancuatnt
yyauwtncancuayt
yyauwycancuatnt
yyauwycancuayt

Case #495


Case #496


Case #497
phlxazxvraw

Case #498
ooooooooooooooooooooooooooooooooooooooooooo

Case #499


Case #500
bvizmqa
bvizmywa
yyvizmqa
yyvizmywa

